<?xml version="1.0" encoding="UTF-8"?>
<!-- Generated by org.testng.reporters.JUnitReportReporter -->
<testsuite hostname="PC_MADRID" name="tests.TestDaoFLightsImpl" tests="9" failures="0" timestamp="25 Jun 2017 18:45:48 GMT" time="0.078" errors="0">
  <testcase name="testGetFlights" time="0.000" classname="tests.TestDaoFLightsImpl"/>
  <testcase name="testGetFlights" time="0.000" classname="tests.TestDaoFLightsImpl"/>
  <testcase name="testGetFlights" time="0.047" classname="tests.TestDaoFLightsImpl"/>
  <testcase name="testGetFlights" time="0.000" classname="tests.TestDaoFLightsImpl"/>
  <testcase name="testDaoFlightsImpl" time="0.016" classname="tests.TestDaoFLightsImpl"/>
  <testcase name="testGetFlights" time="0.000" classname="tests.TestDaoFLightsImpl"/>
  <testcase name="testGetFlights" time="0.000" classname="tests.TestDaoFLightsImpl"/>
  <testcase name="testGetList" time="0.000" classname="tests.TestDaoFLightsImpl"/>
  <testcase name="testGetFlights" time="0.015" classname="tests.TestDaoFLightsImpl"/>
</testsuite> <!-- tests.TestDaoFLightsImpl -->
