<?xml version="1.0" encoding="UTF-8"?>
<!-- Generated by org.testng.reporters.JUnitReportReporter -->
<testsuite hostname="PC_MADRID" name="TestRepo" tests="9" failures="0" timestamp="25 Jun 2017 09:31:49 GMT" time="0.066" errors="0">
  <testcase name="testRepoFlightsImpl" time="0.018" classname="TestRepo"/>
  <testcase name="testGetFlights" time="0.035" classname="TestRepo"/>
  <testcase name="testGetList" time="0.002" classname="TestRepo"/>
  <testcase name="testGetFlights" time="0.002" classname="TestRepo"/>
  <testcase name="testGetFlights" time="0.002" classname="TestRepo"/>
  <testcase name="testGetFlights" time="0.001" classname="TestRepo"/>
  <testcase name="testGetFlights" time="0.002" classname="TestRepo"/>
  <testcase name="testGetFlights" time="0.002" classname="TestRepo"/>
  <testcase name="testGetFlights" time="0.002" classname="TestRepo"/>
</testsuite> <!-- TestRepo -->
