<?xml version="1.0" encoding="UTF-8"?>
<!-- Generated by org.testng.reporters.JUnitReportReporter -->
<testsuite hostname="PC_MADRID" name="tests.TestRepo" tests="9" failures="0" timestamp="25 Jun 2017 18:19:33 GMT" time="0.078" errors="0">
  <testcase name="testGetFlights" time="0.015" classname="tests.TestRepo"/>
  <testcase name="testGetList" time="0.000" classname="tests.TestRepo"/>
  <testcase name="testGetFlights" time="0.000" classname="tests.TestRepo"/>
  <testcase name="testGetFlights" time="0.000" classname="tests.TestRepo"/>
  <testcase name="testGetFlights" time="0.031" classname="tests.TestRepo"/>
  <testcase name="testGetFlights" time="0.016" classname="tests.TestRepo"/>
  <testcase name="testGetFlights" time="0.000" classname="tests.TestRepo"/>
  <testcase name="testGetFlights" time="0.000" classname="tests.TestRepo"/>
  <testcase name="testDaoFlightsImpl" time="0.016" classname="tests.TestRepo"/>
</testsuite> <!-- tests.TestRepo -->
