<?xml version="1.0" encoding="UTF-8"?>
<!-- Generated by org.testng.reporters.JUnitReportReporter -->
<testsuite hostname="PC_MADRID" name="tests.TestSearch" tests="7" failures="0" timestamp="25 Jun 2017 18:45:48 GMT" time="0.000" errors="0">
  <testcase name="testFindFlights" time="0.000" classname="tests.TestSearch"/>
  <testcase name="testFindFlights" time="0.000" classname="tests.TestSearch"/>
  <testcase name="testFindFlights" time="0.000" classname="tests.TestSearch"/>
  <testcase name="testFindFlights" time="0.000" classname="tests.TestSearch"/>
  <testcase name="testFindFlights" time="0.000" classname="tests.TestSearch"/>
  <testcase name="testFindFlights" time="0.000" classname="tests.TestSearch"/>
  <testcase name="testFindFlights" time="0.000" classname="tests.TestSearch"/>
</testsuite> <!-- tests.TestSearch -->
